-------------------------------------------------------------------------------
Test set: com.companyJAF.sistemaclassificacao.SistemaClassificacaoApplicationTests
-------------------------------------------------------------------------------
Tests run: 1, Failures: 0, Errors: 1, Skipped: 0, Time elapsed: 5.059 s <<< FAILURE! - in com.companyJAF.sistemaclassificacao.SistemaClassificacaoApplicationTests
contextLoads  Time elapsed: 0 s  <<< ERROR!
java.lang.IllegalStateException: Failed to load ApplicationContext
Caused by: org.springframework.beans.factory.BeanCreationException: Error creating bean with name 'JaversFromStarter' defined in class path resource [org/javers/spring/boot/mongo/JaversMongoAutoConfiguration.class]: Bean instantiation via factory method failed; nested exception is org.springframework.beans.BeanInstantiationException: Failed to instantiate [org.javers.core.Javers]: Factory method 'javers' threw exception; nested exception is java.lang.IllegalArgumentException: databaseName can not be null
Caused by: org.springframework.beans.BeanInstantiationException: Failed to instantiate [org.javers.core.Javers]: Factory method 'javers' threw exception; nested exception is java.lang.IllegalArgumentException: databaseName can not be null
Caused by: java.lang.IllegalArgumentException: databaseName can not be null

